{"C:\\Users\\summi\\Documents\\week 7 project week\\Thursday\\testornew\\lap-2-portfolio-week-project-backend\\server.js": {"path":"C:\\Users\\summi\\Documents\\week 7 project week\\Thursday\\testornew\\lap-2-portfolio-week-project-backend\\server.js","statementMap":{"0":{"start":{"line":1,"column":16},"end":{"line":1,"column":34}},"1":{"start":{"line":2,"column":13},"end":{"line":2,"column":28}},"2":{"start":{"line":3,"column":15},"end":{"line":3,"column":41}},"3":{"start":{"line":5,"column":12},"end":{"line":5,"column":21}},"4":{"start":{"line":6,"column":0},"end":{"line":6,"column":16}},"5":{"start":{"line":7,"column":0},"end":{"line":7,"column":24}},"6":{"start":{"line":8,"column":0},"end":{"line":8,"column":34}},"7":{"start":{"line":10,"column":0},"end":{"line":10,"column":21}},"8":{"start":{"line":12,"column":0},"end":{"line":14,"column":3}},"9":{"start":{"line":13,"column":2},"end":{"line":13,"column":51}},"10":{"start":{"line":16,"column":0},"end":{"line":16,"column":21}}},"fnMap":{"0":{"name":"(anonymous_0)","decl":{"start":{"line":12,"column":17},"end":{"line":12,"column":18}},"loc":{"start":{"line":12,"column":31},"end":{"line":14,"column":1}},"line":12}},"branchMap":{},"s":{"0":2,"1":2,"2":2,"3":2,"4":2,"5":2,"6":2,"7":2,"8":2,"9":0,"10":2},"f":{"0":0},"b":{},"_coverageSchema":"1a1c01bbd47fc00a2c39e90264f33305004495a9","hash":"6dbeb1c7f64c4c6449f9d0e287476c55c4ee3d61"}
,"C:\\Users\\summi\\Documents\\week 7 project week\\Thursday\\testornew\\lap-2-portfolio-week-project-backend\\controllers\\auth.controllers.js": {"path":"C:\\Users\\summi\\Documents\\week 7 project week\\Thursday\\testornew\\lap-2-portfolio-week-project-backend\\controllers\\auth.controllers.js","statementMap":{"0":{"start":{"line":1,"column":13},"end":{"line":1,"column":46}},"1":{"start":{"line":2,"column":15},"end":{"line":2,"column":34}},"2":{"start":{"line":3,"column":12},"end":{"line":3,"column":35}},"3":{"start":{"line":8,"column":2},"end":{"line":18,"column":3}},"4":{"start":{"line":9,"column":4},"end":{"line":9,"column":26}},"5":{"start":{"line":10,"column":17},"end":{"line":10,"column":39}},"6":{"start":{"line":11,"column":19},"end":{"line":11,"column":66}},"7":{"start":{"line":13,"column":4},"end":{"line":13,"column":65}},"8":{"start":{"line":14,"column":4},"end":{"line":14,"column":24}},"9":{"start":{"line":15,"column":4},"end":{"line":15,"column":50}},"10":{"start":{"line":17,"column":4},"end":{"line":17,"column":36}},"11":{"start":{"line":22,"column":2},"end":{"line":52,"column":3}},"12":{"start":{"line":23,"column":17},"end":{"line":23,"column":55}},"13":{"start":{"line":24,"column":4},"end":{"line":26,"column":5}},"14":{"start":{"line":25,"column":6},"end":{"line":25,"column":56}},"15":{"start":{"line":28,"column":19},"end":{"line":28,"column":78}},"16":{"start":{"line":29,"column":4},"end":{"line":29,"column":30}},"17":{"start":{"line":30,"column":4},"end":{"line":30,"column":34}},"18":{"start":{"line":32,"column":4},"end":{"line":49,"column":5}},"19":{"start":{"line":33,"column":22},"end":{"line":33,"column":68}},"20":{"start":{"line":34,"column":24},"end":{"line":45,"column":7}},"21":{"start":{"line":35,"column":8},"end":{"line":37,"column":9}},"22":{"start":{"line":36,"column":10},"end":{"line":36,"column":55}},"23":{"start":{"line":38,"column":8},"end":{"line":38,"column":34}},"24":{"start":{"line":39,"column":8},"end":{"line":44,"column":11}},"25":{"start":{"line":46,"column":6},"end":{"line":46,"column":74}},"26":{"start":{"line":48,"column":6},"end":{"line":48,"column":57}},"27":{"start":{"line":51,"column":4},"end":{"line":51,"column":49}},"28":{"start":{"line":55,"column":0},"end":{"line":55,"column":41}}},"fnMap":{"0":{"name":"registration","decl":{"start":{"line":7,"column":15},"end":{"line":7,"column":27}},"loc":{"start":{"line":7,"column":38},"end":{"line":19,"column":1}},"line":7},"1":{"name":"login","decl":{"start":{"line":21,"column":15},"end":{"line":21,"column":20}},"loc":{"start":{"line":21,"column":31},"end":{"line":53,"column":1}},"line":21},"2":{"name":"(anonymous_2)","decl":{"start":{"line":34,"column":24},"end":{"line":34,"column":25}},"loc":{"start":{"line":34,"column":40},"end":{"line":45,"column":7}},"line":34}},"branchMap":{"0":{"loc":{"start":{"line":24,"column":4},"end":{"line":26,"column":5}},"type":"if","locations":[{"start":{"line":24,"column":4},"end":{"line":26,"column":5}},{"start":{},"end":{}}],"line":24},"1":{"loc":{"start":{"line":32,"column":4},"end":{"line":49,"column":5}},"type":"if","locations":[{"start":{"line":32,"column":4},"end":{"line":49,"column":5}},{"start":{"line":47,"column":11},"end":{"line":49,"column":5}}],"line":32},"2":{"loc":{"start":{"line":35,"column":8},"end":{"line":37,"column":9}},"type":"if","locations":[{"start":{"line":35,"column":8},"end":{"line":37,"column":9}},{"start":{},"end":{}}],"line":35}},"s":{"0":2,"1":2,"2":2,"3":0,"4":0,"5":0,"6":0,"7":0,"8":0,"9":0,"10":0,"11":0,"12":0,"13":0,"14":0,"15":0,"16":0,"17":0,"18":0,"19":0,"20":0,"21":0,"22":0,"23":0,"24":0,"25":0,"26":0,"27":0,"28":2},"f":{"0":0,"1":0,"2":0},"b":{"0":[0,0],"1":[0,0],"2":[0,0]},"_coverageSchema":"1a1c01bbd47fc00a2c39e90264f33305004495a9","hash":"95465982a132a37c2683cab916e03932f81df409"}
,"C:\\Users\\summi\\Documents\\week 7 project week\\Thursday\\testornew\\lap-2-portfolio-week-project-backend\\controllers\\habits.controllers.js": {"path":"C:\\Users\\summi\\Documents\\week 7 project week\\Thursday\\testornew\\lap-2-portfolio-week-project-backend\\controllers\\habits.controllers.js","statementMap":{"0":{"start":{"line":1,"column":14},"end":{"line":1,"column":48}},"1":{"start":{"line":4,"column":2},"end":{"line":9,"column":3}},"2":{"start":{"line":5,"column":19},"end":{"line":5,"column":34}},"3":{"start":{"line":6,"column":4},"end":{"line":6,"column":33}},"4":{"start":{"line":8,"column":4},"end":{"line":8,"column":36}},"5":{"start":{"line":13,"column":2},"end":{"line":18,"column":3}},"6":{"start":{"line":14,"column":18},"end":{"line":14,"column":53}},"7":{"start":{"line":15,"column":4},"end":{"line":15,"column":32}},"8":{"start":{"line":17,"column":4},"end":{"line":17,"column":36}},"9":{"start":{"line":22,"column":2},"end":{"line":27,"column":3}},"10":{"start":{"line":23,"column":18},"end":{"line":23,"column":46}},"11":{"start":{"line":24,"column":4},"end":{"line":24,"column":32}},"12":{"start":{"line":26,"column":4},"end":{"line":26,"column":36}},"13":{"start":{"line":31,"column":2},"end":{"line":37,"column":3}},"14":{"start":{"line":32,"column":18},"end":{"line":32,"column":53}},"15":{"start":{"line":33,"column":17},"end":{"line":33,"column":38}},"16":{"start":{"line":34,"column":4},"end":{"line":34,"column":26}},"17":{"start":{"line":36,"column":4},"end":{"line":36,"column":36}},"18":{"start":{"line":41,"column":2},"end":{"line":48,"column":3}},"19":{"start":{"line":42,"column":19},"end":{"line":42,"column":29}},"20":{"start":{"line":43,"column":23},"end":{"line":43,"column":60}},"21":{"start":{"line":45,"column":4},"end":{"line":45,"column":43}},"22":{"start":{"line":47,"column":4},"end":{"line":47,"column":36}},"23":{"start":{"line":51,"column":0},"end":{"line":51,"column":58}}},"fnMap":{"0":{"name":"index","decl":{"start":{"line":3,"column":15},"end":{"line":3,"column":20}},"loc":{"start":{"line":3,"column":31},"end":{"line":10,"column":1}},"line":3},"1":{"name":"show","decl":{"start":{"line":12,"column":15},"end":{"line":12,"column":19}},"loc":{"start":{"line":12,"column":30},"end":{"line":19,"column":1}},"line":12},"2":{"name":"create","decl":{"start":{"line":21,"column":15},"end":{"line":21,"column":21}},"loc":{"start":{"line":21,"column":32},"end":{"line":28,"column":1}},"line":21},"3":{"name":"destroy","decl":{"start":{"line":30,"column":15},"end":{"line":30,"column":22}},"loc":{"start":{"line":30,"column":33},"end":{"line":38,"column":1}},"line":30},"4":{"name":"update","decl":{"start":{"line":40,"column":15},"end":{"line":40,"column":21}},"loc":{"start":{"line":40,"column":32},"end":{"line":49,"column":1}},"line":40}},"branchMap":{},"s":{"0":4,"1":2,"2":2,"3":1,"4":1,"5":1,"6":1,"7":1,"8":0,"9":1,"10":1,"11":1,"12":0,"13":1,"14":1,"15":1,"16":1,"17":1,"18":0,"19":0,"20":0,"21":0,"22":0,"23":4},"f":{"0":2,"1":1,"2":1,"3":1,"4":0},"b":{},"_coverageSchema":"1a1c01bbd47fc00a2c39e90264f33305004495a9","hash":"cb9fb802279fffaac21e6132cc6bbb0aa6a7d38d"}
,"C:\\Users\\summi\\Documents\\week 7 project week\\Thursday\\testornew\\lap-2-portfolio-week-project-backend\\controllers\\users.controllers.js": {"path":"C:\\Users\\summi\\Documents\\week 7 project week\\Thursday\\testornew\\lap-2-portfolio-week-project-backend\\controllers\\users.controllers.js","statementMap":{"0":{"start":{"line":1,"column":13},"end":{"line":1,"column":46}},"1":{"start":{"line":4,"column":2},"end":{"line":9,"column":3}},"2":{"start":{"line":5,"column":18},"end":{"line":5,"column":32}},"3":{"start":{"line":6,"column":4},"end":{"line":6,"column":32}},"4":{"start":{"line":8,"column":4},"end":{"line":8,"column":30}},"5":{"start":{"line":13,"column":2},"end":{"line":18,"column":3}},"6":{"start":{"line":14,"column":17},"end":{"line":14,"column":51}},"7":{"start":{"line":15,"column":4},"end":{"line":15,"column":31}},"8":{"start":{"line":17,"column":4},"end":{"line":17,"column":30}},"9":{"start":{"line":22,"column":2},"end":{"line":28,"column":3}},"10":{"start":{"line":23,"column":17},"end":{"line":23,"column":51}},"11":{"start":{"line":24,"column":17},"end":{"line":24,"column":37}},"12":{"start":{"line":25,"column":4},"end":{"line":25,"column":26}},"13":{"start":{"line":27,"column":4},"end":{"line":27,"column":34}},"14":{"start":{"line":30,"column":0},"end":{"line":30,"column":42}}},"fnMap":{"0":{"name":"index","decl":{"start":{"line":3,"column":15},"end":{"line":3,"column":20}},"loc":{"start":{"line":3,"column":31},"end":{"line":10,"column":1}},"line":3},"1":{"name":"show","decl":{"start":{"line":12,"column":15},"end":{"line":12,"column":19}},"loc":{"start":{"line":12,"column":30},"end":{"line":19,"column":1}},"line":12},"2":{"name":"destroy","decl":{"start":{"line":21,"column":15},"end":{"line":21,"column":22}},"loc":{"start":{"line":21,"column":33},"end":{"line":29,"column":1}},"line":21}},"branchMap":{},"s":{"0":2,"1":0,"2":0,"3":0,"4":0,"5":0,"6":0,"7":0,"8":0,"9":0,"10":0,"11":0,"12":0,"13":0,"14":2},"f":{"0":0,"1":0,"2":0},"b":{},"_coverageSchema":"1a1c01bbd47fc00a2c39e90264f33305004495a9","hash":"353ddc20fb4f429708b347f70d1d1cc0d13e6500"}
,"C:\\Users\\summi\\Documents\\week 7 project week\\Thursday\\testornew\\lap-2-portfolio-week-project-backend\\dbConfig\\init.js": {"path":"C:\\Users\\summi\\Documents\\week 7 project week\\Thursday\\testornew\\lap-2-portfolio-week-project-backend\\dbConfig\\init.js","statementMap":{"0":{"start":{"line":1,"column":17},"end":{"line":1,"column":30}},"1":{"start":{"line":6,"column":0},"end":{"line":13,"column":1}},"2":{"start":{"line":7,"column":2},"end":{"line":12,"column":4}},"3":{"start":{"line":15,"column":13},"end":{"line":15,"column":29}},"4":{"start":{"line":17,"column":0},"end":{"line":17,"column":22}}},"fnMap":{},"branchMap":{"0":{"loc":{"start":{"line":6,"column":0},"end":{"line":13,"column":1}},"type":"if","locations":[{"start":{"line":6,"column":0},"end":{"line":13,"column":1}},{"start":{},"end":{}}],"line":6}},"s":{"0":7,"1":7,"2":0,"3":7,"4":7},"f":{},"b":{"0":[0,7]},"_coverageSchema":"1a1c01bbd47fc00a2c39e90264f33305004495a9","hash":"6a08d133635c57c3f4335a9dae25015a5bf6c810"}
,"C:\\Users\\summi\\Documents\\week 7 project week\\Thursday\\testornew\\lap-2-portfolio-week-project-backend\\models\\habits.models.js": {"path":"C:\\Users\\summi\\Documents\\week 7 project week\\Thursday\\testornew\\lap-2-portfolio-week-project-backend\\models\\habits.models.js","statementMap":{"0":{"start":{"line":1,"column":11},"end":{"line":1,"column":38}},"1":{"start":{"line":2,"column":13},"end":{"line":2,"column":38}},"2":{"start":{"line":4,"column":0},"end":{"line":114,"column":2}},"3":{"start":{"line":6,"column":4},"end":{"line":6,"column":22}},"4":{"start":{"line":7,"column":4},"end":{"line":7,"column":28}},"5":{"start":{"line":8,"column":4},"end":{"line":8,"column":48}},"6":{"start":{"line":9,"column":4},"end":{"line":9,"column":48}},"7":{"start":{"line":10,"column":4},"end":{"line":10,"column":48}},"8":{"start":{"line":11,"column":4},"end":{"line":11,"column":26}},"9":{"start":{"line":12,"column":4},"end":{"line":12,"column":32}},"10":{"start":{"line":16,"column":4},"end":{"line":24,"column":7}},"11":{"start":{"line":17,"column":6},"end":{"line":23,"column":7}},"12":{"start":{"line":18,"column":26},"end":{"line":18,"column":65}},"13":{"start":{"line":19,"column":23},"end":{"line":19,"column":62}},"14":{"start":{"line":19,"column":49},"end":{"line":19,"column":61}},"15":{"start":{"line":20,"column":8},"end":{"line":20,"column":24}},"16":{"start":{"line":22,"column":8},"end":{"line":22,"column":34}},"17":{"start":{"line":28,"column":4},"end":{"line":44,"column":7}},"18":{"start":{"line":29,"column":6},"end":{"line":43,"column":7}},"19":{"start":{"line":30,"column":24},"end":{"line":37,"column":9}},"20":{"start":{"line":39,"column":20},"end":{"line":39,"column":48}},"21":{"start":{"line":40,"column":8},"end":{"line":40,"column":23}},"22":{"start":{"line":42,"column":8},"end":{"line":42,"column":34}},"23":{"start":{"line":48,"column":4},"end":{"line":73,"column":7}},"24":{"start":{"line":49,"column":6},"end":{"line":72,"column":7}},"25":{"start":{"line":57,"column":12},"end":{"line":57,"column":21}},"26":{"start":{"line":58,"column":23},"end":{"line":68,"column":9}},"27":{"start":{"line":69,"column":8},"end":{"line":69,"column":34}},"28":{"start":{"line":71,"column":8},"end":{"line":71,"column":45}},"29":{"start":{"line":77,"column":4},"end":{"line":89,"column":7}},"30":{"start":{"line":78,"column":6},"end":{"line":88,"column":7}},"31":{"start":{"line":79,"column":28},"end":{"line":82,"column":9}},"32":{"start":{"line":84,"column":8},"end":{"line":84,"column":37}},"33":{"start":{"line":86,"column":8},"end":{"line":86,"column":27}},"34":{"start":{"line":87,"column":8},"end":{"line":87,"column":45}},"35":{"start":{"line":93,"column":4},"end":{"line":110,"column":7}},"36":{"start":{"line":94,"column":6},"end":{"line":109,"column":7}},"37":{"start":{"line":95,"column":27},"end":{"line":104,"column":9}},"38":{"start":{"line":105,"column":8},"end":{"line":105,"column":42}},"39":{"start":{"line":106,"column":8},"end":{"line":106,"column":34}},"40":{"start":{"line":108,"column":8},"end":{"line":108,"column":45}}},"fnMap":{"0":{"name":"(anonymous_0)","decl":{"start":{"line":5,"column":2},"end":{"line":5,"column":3}},"loc":{"start":{"line":5,"column":26},"end":{"line":13,"column":3}},"line":5},"1":{"name":"(anonymous_1)","decl":{"start":{"line":15,"column":2},"end":{"line":15,"column":3}},"loc":{"start":{"line":15,"column":19},"end":{"line":25,"column":3}},"line":15},"2":{"name":"(anonymous_2)","decl":{"start":{"line":16,"column":23},"end":{"line":16,"column":24}},"loc":{"start":{"line":16,"column":50},"end":{"line":24,"column":5}},"line":16},"3":{"name":"(anonymous_3)","decl":{"start":{"line":19,"column":42},"end":{"line":19,"column":43}},"loc":{"start":{"line":19,"column":49},"end":{"line":19,"column":61}},"line":19},"4":{"name":"(anonymous_4)","decl":{"start":{"line":27,"column":2},"end":{"line":27,"column":3}},"loc":{"start":{"line":27,"column":22},"end":{"line":45,"column":3}},"line":27},"5":{"name":"(anonymous_5)","decl":{"start":{"line":28,"column":23},"end":{"line":28,"column":24}},"loc":{"start":{"line":28,"column":50},"end":{"line":44,"column":5}},"line":28},"6":{"name":"(anonymous_6)","decl":{"start":{"line":47,"column":2},"end":{"line":47,"column":3}},"loc":{"start":{"line":47,"column":33},"end":{"line":74,"column":3}},"line":47},"7":{"name":"(anonymous_7)","decl":{"start":{"line":48,"column":23},"end":{"line":48,"column":24}},"loc":{"start":{"line":48,"column":50},"end":{"line":73,"column":5}},"line":48},"8":{"name":"(anonymous_8)","decl":{"start":{"line":76,"column":2},"end":{"line":76,"column":3}},"loc":{"start":{"line":76,"column":12},"end":{"line":90,"column":3}},"line":76},"9":{"name":"(anonymous_9)","decl":{"start":{"line":77,"column":23},"end":{"line":77,"column":24}},"loc":{"start":{"line":77,"column":50},"end":{"line":89,"column":5}},"line":77},"10":{"name":"(anonymous_10)","decl":{"start":{"line":92,"column":2},"end":{"line":92,"column":3}},"loc":{"start":{"line":92,"column":41},"end":{"line":111,"column":3}},"line":92},"11":{"name":"(anonymous_11)","decl":{"start":{"line":93,"column":23},"end":{"line":93,"column":24}},"loc":{"start":{"line":93,"column":50},"end":{"line":110,"column":5}},"line":93}},"branchMap":{},"s":{"0":7,"1":7,"2":7,"3":8,"4":8,"5":8,"6":8,"7":8,"8":8,"9":8,"10":2,"11":2,"12":2,"13":1,"14":3,"15":1,"16":1,"17":1,"18":1,"19":1,"20":1,"21":1,"22":0,"23":1,"24":1,"25":1,"26":1,"27":1,"28":0,"29":0,"30":0,"31":0,"32":0,"33":0,"34":0,"35":0,"36":0,"37":0,"38":0,"39":0,"40":0},"f":{"0":8,"1":2,"2":2,"3":3,"4":1,"5":1,"6":1,"7":1,"8":0,"9":0,"10":0,"11":0},"b":{},"_coverageSchema":"1a1c01bbd47fc00a2c39e90264f33305004495a9","hash":"1e93c463355f353fc87d6799688d9fa12138819e"}
,"C:\\Users\\summi\\Documents\\week 7 project week\\Thursday\\testornew\\lap-2-portfolio-week-project-backend\\models\\users.models.js": {"path":"C:\\Users\\summi\\Documents\\week 7 project week\\Thursday\\testornew\\lap-2-portfolio-week-project-backend\\models\\users.models.js","statementMap":{"0":{"start":{"line":1,"column":11},"end":{"line":1,"column":38}},"1":{"start":{"line":2,"column":14},"end":{"line":2,"column":40}},"2":{"start":{"line":6,"column":4},"end":{"line":6,"column":22}},"3":{"start":{"line":7,"column":4},"end":{"line":7,"column":34}},"4":{"start":{"line":8,"column":4},"end":{"line":8,"column":28}},"5":{"start":{"line":9,"column":4},"end":{"line":9,"column":44}},"6":{"start":{"line":10,"column":4},"end":{"line":15,"column":6}},"7":{"start":{"line":19,"column":4},"end":{"line":32,"column":7}},"8":{"start":{"line":20,"column":6},"end":{"line":31,"column":7}},"9":{"start":{"line":21,"column":23},"end":{"line":21,"column":61}},"10":{"start":{"line":22,"column":22},"end":{"line":27,"column":11}},"11":{"start":{"line":22,"column":46},"end":{"line":27,"column":9}},"12":{"start":{"line":28,"column":8},"end":{"line":28,"column":23}},"13":{"start":{"line":30,"column":8},"end":{"line":30,"column":41}},"14":{"start":{"line":36,"column":4},"end":{"line":50,"column":7}},"15":{"start":{"line":37,"column":6},"end":{"line":49,"column":7}},"16":{"start":{"line":38,"column":23},"end":{"line":41,"column":9}},"17":{"start":{"line":42,"column":23},"end":{"line":45,"column":11}},"18":{"start":{"line":42,"column":47},"end":{"line":45,"column":9}},"19":{"start":{"line":46,"column":8},"end":{"line":46,"column":24}},"20":{"start":{"line":48,"column":8},"end":{"line":48,"column":40}},"21":{"start":{"line":54,"column":4},"end":{"line":64,"column":7}},"22":{"start":{"line":55,"column":6},"end":{"line":63,"column":7}},"23":{"start":{"line":56,"column":23},"end":{"line":59,"column":9}},"24":{"start":{"line":60,"column":8},"end":{"line":60,"column":49}},"25":{"start":{"line":62,"column":8},"end":{"line":62,"column":44}},"26":{"start":{"line":68,"column":4},"end":{"line":93,"column":7}},"27":{"start":{"line":69,"column":6},"end":{"line":92,"column":7}},"28":{"start":{"line":70,"column":23},"end":{"line":80,"column":9}},"29":{"start":{"line":81,"column":22},"end":{"line":87,"column":11}},"30":{"start":{"line":81,"column":48},"end":{"line":87,"column":9}},"31":{"start":{"line":88,"column":8},"end":{"line":88,"column":35}},"32":{"start":{"line":89,"column":8},"end":{"line":89,"column":23}},"33":{"start":{"line":91,"column":8},"end":{"line":91,"column":33}},"34":{"start":{"line":97,"column":4},"end":{"line":109,"column":7}},"35":{"start":{"line":98,"column":6},"end":{"line":108,"column":7}},"36":{"start":{"line":99,"column":8},"end":{"line":99,"column":30}},"37":{"start":{"line":100,"column":23},"end":{"line":103,"column":9}},"38":{"start":{"line":104,"column":19},"end":{"line":104,"column":45}},"39":{"start":{"line":105,"column":8},"end":{"line":105,"column":22}},"40":{"start":{"line":107,"column":8},"end":{"line":107,"column":44}},"41":{"start":{"line":113,"column":4},"end":{"line":131,"column":7}},"42":{"start":{"line":114,"column":6},"end":{"line":130,"column":7}},"43":{"start":{"line":116,"column":25},"end":{"line":119,"column":9}},"44":{"start":{"line":121,"column":8},"end":{"line":125,"column":9}},"45":{"start":{"line":122,"column":10},"end":{"line":122,"column":45}},"46":{"start":{"line":124,"column":10},"end":{"line":124,"column":46}},"47":{"start":{"line":127,"column":8},"end":{"line":127,"column":22}},"48":{"start":{"line":129,"column":8},"end":{"line":129,"column":22}},"49":{"start":{"line":135,"column":4},"end":{"line":145,"column":7}},"50":{"start":{"line":136,"column":6},"end":{"line":144,"column":7}},"51":{"start":{"line":137,"column":21},"end":{"line":139,"column":10}},"52":{"start":{"line":140,"column":19},"end":{"line":140,"column":43}},"53":{"start":{"line":141,"column":8},"end":{"line":141,"column":22}},"54":{"start":{"line":143,"column":8},"end":{"line":143,"column":58}},"55":{"start":{"line":149,"column":0},"end":{"line":149,"column":22}}},"fnMap":{"0":{"name":"(anonymous_0)","decl":{"start":{"line":5,"column":2},"end":{"line":5,"column":3}},"loc":{"start":{"line":5,"column":27},"end":{"line":16,"column":3}},"line":5},"1":{"name":"(anonymous_1)","decl":{"start":{"line":18,"column":2},"end":{"line":18,"column":3}},"loc":{"start":{"line":18,"column":19},"end":{"line":33,"column":3}},"line":18},"2":{"name":"(anonymous_2)","decl":{"start":{"line":19,"column":23},"end":{"line":19,"column":24}},"loc":{"start":{"line":19,"column":50},"end":{"line":32,"column":5}},"line":19},"3":{"name":"(anonymous_3)","decl":{"start":{"line":22,"column":38},"end":{"line":22,"column":39}},"loc":{"start":{"line":22,"column":46},"end":{"line":27,"column":9}},"line":22},"4":{"name":"(anonymous_4)","decl":{"start":{"line":35,"column":2},"end":{"line":35,"column":3}},"loc":{"start":{"line":35,"column":15},"end":{"line":51,"column":3}},"line":35},"5":{"name":"(anonymous_5)","decl":{"start":{"line":36,"column":23},"end":{"line":36,"column":24}},"loc":{"start":{"line":36,"column":50},"end":{"line":50,"column":5}},"line":36},"6":{"name":"(anonymous_6)","decl":{"start":{"line":42,"column":39},"end":{"line":42,"column":40}},"loc":{"start":{"line":42,"column":47},"end":{"line":45,"column":9}},"line":42},"7":{"name":"(anonymous_7)","decl":{"start":{"line":53,"column":2},"end":{"line":53,"column":3}},"loc":{"start":{"line":53,"column":12},"end":{"line":65,"column":3}},"line":53},"8":{"name":"(anonymous_8)","decl":{"start":{"line":54,"column":23},"end":{"line":54,"column":24}},"loc":{"start":{"line":54,"column":50},"end":{"line":64,"column":5}},"line":54},"9":{"name":"(anonymous_9)","decl":{"start":{"line":67,"column":2},"end":{"line":67,"column":3}},"loc":{"start":{"line":67,"column":22},"end":{"line":94,"column":3}},"line":67},"10":{"name":"(anonymous_10)","decl":{"start":{"line":68,"column":23},"end":{"line":68,"column":24}},"loc":{"start":{"line":68,"column":50},"end":{"line":93,"column":5}},"line":68},"11":{"name":"(anonymous_11)","decl":{"start":{"line":81,"column":40},"end":{"line":81,"column":41}},"loc":{"start":{"line":81,"column":48},"end":{"line":87,"column":9}},"line":81},"12":{"name":"(anonymous_12)","decl":{"start":{"line":96,"column":2},"end":{"line":96,"column":3}},"loc":{"start":{"line":96,"column":48},"end":{"line":110,"column":3}},"line":96},"13":{"name":"(anonymous_13)","decl":{"start":{"line":97,"column":23},"end":{"line":97,"column":24}},"loc":{"start":{"line":97,"column":50},"end":{"line":109,"column":5}},"line":97},"14":{"name":"(anonymous_14)","decl":{"start":{"line":112,"column":2},"end":{"line":112,"column":3}},"loc":{"start":{"line":112,"column":38},"end":{"line":132,"column":3}},"line":112},"15":{"name":"(anonymous_15)","decl":{"start":{"line":113,"column":23},"end":{"line":113,"column":24}},"loc":{"start":{"line":113,"column":50},"end":{"line":131,"column":5}},"line":113},"16":{"name":"(anonymous_16)","decl":{"start":{"line":134,"column":2},"end":{"line":134,"column":3}},"loc":{"start":{"line":134,"column":28},"end":{"line":146,"column":3}},"line":134},"17":{"name":"(anonymous_17)","decl":{"start":{"line":135,"column":23},"end":{"line":135,"column":24}},"loc":{"start":{"line":135,"column":50},"end":{"line":145,"column":5}},"line":135}},"branchMap":{"0":{"loc":{"start":{"line":121,"column":8},"end":{"line":125,"column":9}},"type":"if","locations":[{"start":{"line":121,"column":8},"end":{"line":125,"column":9}},{"start":{"line":123,"column":15},"end":{"line":125,"column":9}}],"line":121}},"s":{"0":6,"1":6,"2":3,"3":3,"4":3,"5":3,"6":3,"7":1,"8":1,"9":1,"10":1,"11":3,"12":1,"13":0,"14":0,"15":0,"16":0,"17":0,"18":0,"19":0,"20":0,"21":1,"22":1,"23":1,"24":1,"25":0,"26":0,"27":0,"28":0,"29":0,"30":0,"31":0,"32":0,"33":0,"34":1,"35":1,"36":1,"37":1,"38":1,"39":1,"40":0,"41":1,"42":1,"43":1,"44":1,"45":1,"46":0,"47":1,"48":0,"49":0,"50":0,"51":0,"52":0,"53":0,"54":0,"55":6},"f":{"0":3,"1":1,"2":1,"3":3,"4":0,"5":0,"6":0,"7":1,"8":1,"9":0,"10":0,"11":0,"12":1,"13":1,"14":1,"15":1,"16":0,"17":0},"b":{"0":[1,0]},"_coverageSchema":"1a1c01bbd47fc00a2c39e90264f33305004495a9","hash":"fc6b49070269c696208e8e0544d780e0e057d26c"}
,"C:\\Users\\summi\\Documents\\week 7 project week\\Thursday\\testornew\\lap-2-portfolio-week-project-backend\\routes\\routes.js": {"path":"C:\\Users\\summi\\Documents\\week 7 project week\\Thursday\\testornew\\lap-2-portfolio-week-project-backend\\routes\\routes.js","statementMap":{"0":{"start":{"line":1,"column":16},"end":{"line":1,"column":34}},"1":{"start":{"line":2,"column":15},"end":{"line":2,"column":31}},"2":{"start":{"line":3,"column":24},"end":{"line":3,"column":67}},"3":{"start":{"line":4,"column":25},"end":{"line":4,"column":69}},"4":{"start":{"line":5,"column":24},"end":{"line":5,"column":66}},"5":{"start":{"line":8,"column":0},"end":{"line":8,"column":50}},"6":{"start":{"line":9,"column":0},"end":{"line":9,"column":53}},"7":{"start":{"line":10,"column":0},"end":{"line":10,"column":52}},"8":{"start":{"line":11,"column":0},"end":{"line":11,"column":59}},"9":{"start":{"line":12,"column":0},"end":{"line":12,"column":57}},"10":{"start":{"line":15,"column":0},"end":{"line":15,"column":48}},"11":{"start":{"line":16,"column":0},"end":{"line":16,"column":51}},"12":{"start":{"line":17,"column":0},"end":{"line":17,"column":57}},"13":{"start":{"line":20,"column":0},"end":{"line":20,"column":59}},"14":{"start":{"line":21,"column":0},"end":{"line":21,"column":49}},"15":{"start":{"line":23,"column":0},"end":{"line":23,"column":24}}},"fnMap":{},"branchMap":{},"s":{"0":2,"1":2,"2":2,"3":2,"4":2,"5":2,"6":2,"7":2,"8":2,"9":2,"10":2,"11":2,"12":2,"13":2,"14":2,"15":2},"f":{},"b":{},"_coverageSchema":"1a1c01bbd47fc00a2c39e90264f33305004495a9","hash":"6ebfcc3ac61e6f21296fd34935c6319dacbf88f8"}
}
