TN:
SF:server.js
FN:12,(anonymous_0)
FNF:1
FNH:0
FNDA:0,(anonymous_0)
DA:1,2
DA:2,2
DA:3,2
DA:5,2
DA:6,2
DA:7,2
DA:8,2
DA:10,2
DA:12,2
DA:13,0
DA:16,2
LF:11
LH:10
BRF:0
BRH:0
end_of_record
TN:
SF:controllers\auth.controllers.js
FN:7,registration
FN:21,login
FN:34,(anonymous_2)
FNF:3
FNH:0
FNDA:0,registration
FNDA:0,login
FNDA:0,(anonymous_2)
DA:1,2
DA:2,2
DA:3,2
DA:8,0
DA:9,0
DA:10,0
DA:11,0
DA:13,0
DA:14,0
DA:15,0
DA:17,0
DA:22,0
DA:23,0
DA:24,0
DA:25,0
DA:28,0
DA:29,0
DA:30,0
DA:32,0
DA:33,0
DA:34,0
DA:35,0
DA:36,0
DA:38,0
DA:39,0
DA:46,0
DA:48,0
DA:51,0
DA:55,2
LF:29
LH:4
BRDA:24,0,0,0
BRDA:24,0,1,0
BRDA:32,1,0,0
BRDA:32,1,1,0
BRDA:35,2,0,0
BRDA:35,2,1,0
BRF:6
BRH:0
end_of_record
TN:
SF:controllers\habits.controllers.js
FN:3,index
FN:12,show
FN:21,create
FN:30,destroy
FN:40,update
FNF:5
FNH:4
FNDA:2,index
FNDA:1,show
FNDA:1,create
FNDA:1,destroy
FNDA:0,update
DA:1,4
DA:4,2
DA:5,2
DA:6,1
DA:8,1
DA:13,1
DA:14,1
DA:15,1
DA:17,0
DA:22,1
DA:23,1
DA:24,1
DA:26,0
DA:31,1
DA:32,1
DA:33,1
DA:34,1
DA:36,1
DA:41,0
DA:42,0
DA:43,0
DA:45,0
DA:47,0
DA:51,4
LF:24
LH:17
BRF:0
BRH:0
end_of_record
TN:
SF:controllers\users.controllers.js
FN:3,index
FN:12,show
FN:21,destroy
FNF:3
FNH:0
FNDA:0,index
FNDA:0,show
FNDA:0,destroy
DA:1,2
DA:4,0
DA:5,0
DA:6,0
DA:8,0
DA:13,0
DA:14,0
DA:15,0
DA:17,0
DA:22,0
DA:23,0
DA:24,0
DA:25,0
DA:27,0
DA:30,2
LF:15
LH:2
BRF:0
BRH:0
end_of_record
TN:
SF:dbConfig\init.js
FNF:0
FNH:0
DA:1,7
DA:6,7
DA:7,0
DA:15,7
DA:17,7
LF:5
LH:4
BRDA:6,0,0,0
BRDA:6,0,1,7
BRF:2
BRH:1
end_of_record
TN:
SF:models\habits.models.js
FN:5,(anonymous_0)
FN:15,(anonymous_1)
FN:16,(anonymous_2)
FN:19,(anonymous_3)
FN:27,(anonymous_4)
FN:28,(anonymous_5)
FN:47,(anonymous_6)
FN:48,(anonymous_7)
FN:76,(anonymous_8)
FN:77,(anonymous_9)
FN:92,(anonymous_10)
FN:93,(anonymous_11)
FNF:12
FNH:8
FNDA:8,(anonymous_0)
FNDA:2,(anonymous_1)
FNDA:2,(anonymous_2)
FNDA:3,(anonymous_3)
FNDA:1,(anonymous_4)
FNDA:1,(anonymous_5)
FNDA:1,(anonymous_6)
FNDA:1,(anonymous_7)
FNDA:0,(anonymous_8)
FNDA:0,(anonymous_9)
FNDA:0,(anonymous_10)
FNDA:0,(anonymous_11)
DA:1,7
DA:2,7
DA:4,7
DA:6,8
DA:7,8
DA:8,8
DA:9,8
DA:10,8
DA:11,8
DA:12,8
DA:16,2
DA:17,2
DA:18,2
DA:19,3
DA:20,1
DA:22,1
DA:28,1
DA:29,1
DA:30,1
DA:39,1
DA:40,1
DA:42,0
DA:48,1
DA:49,1
DA:57,1
DA:58,1
DA:69,1
DA:71,0
DA:77,0
DA:78,0
DA:79,0
DA:84,0
DA:86,0
DA:87,0
DA:93,0
DA:94,0
DA:95,0
DA:105,0
DA:106,0
DA:108,0
LF:40
LH:26
BRF:0
BRH:0
end_of_record
TN:
SF:models\users.models.js
FN:5,(anonymous_0)
FN:18,(anonymous_1)
FN:19,(anonymous_2)
FN:22,(anonymous_3)
FN:35,(anonymous_4)
FN:36,(anonymous_5)
FN:42,(anonymous_6)
FN:53,(anonymous_7)
FN:54,(anonymous_8)
FN:67,(anonymous_9)
FN:68,(anonymous_10)
FN:81,(anonymous_11)
FN:96,(anonymous_12)
FN:97,(anonymous_13)
FN:112,(anonymous_14)
FN:113,(anonymous_15)
FN:134,(anonymous_16)
FN:135,(anonymous_17)
FNF:18
FNH:10
FNDA:3,(anonymous_0)
FNDA:1,(anonymous_1)
FNDA:1,(anonymous_2)
FNDA:3,(anonymous_3)
FNDA:0,(anonymous_4)
FNDA:0,(anonymous_5)
FNDA:0,(anonymous_6)
FNDA:1,(anonymous_7)
FNDA:1,(anonymous_8)
FNDA:0,(anonymous_9)
FNDA:0,(anonymous_10)
FNDA:0,(anonymous_11)
FNDA:1,(anonymous_12)
FNDA:1,(anonymous_13)
FNDA:1,(anonymous_14)
FNDA:1,(anonymous_15)
FNDA:0,(anonymous_16)
FNDA:0,(anonymous_17)
DA:1,6
DA:2,6
DA:6,3
DA:7,3
DA:8,3
DA:9,3
DA:10,3
DA:19,1
DA:20,1
DA:21,1
DA:22,3
DA:28,1
DA:30,0
DA:36,0
DA:37,0
DA:38,0
DA:42,0
DA:46,0
DA:48,0
DA:54,1
DA:55,1
DA:56,1
DA:60,1
DA:62,0
DA:68,0
DA:69,0
DA:70,0
DA:81,0
DA:88,0
DA:89,0
DA:91,0
DA:97,1
DA:98,1
DA:99,1
DA:100,1
DA:104,1
DA:105,1
DA:107,0
DA:113,1
DA:114,1
DA:116,1
DA:121,1
DA:122,1
DA:124,0
DA:127,1
DA:129,0
DA:135,0
DA:136,0
DA:137,0
DA:140,0
DA:141,0
DA:143,0
DA:149,6
LF:53
LH:29
BRDA:121,0,0,1
BRDA:121,0,1,0
BRF:2
BRH:1
end_of_record
TN:
SF:routes\routes.js
FNF:0
FNH:0
DA:1,2
DA:2,2
DA:3,2
DA:4,2
DA:5,2
DA:8,2
DA:9,2
DA:10,2
DA:11,2
DA:12,2
DA:15,2
DA:16,2
DA:17,2
DA:20,2
DA:21,2
DA:23,2
LF:16
LH:16
BRF:0
BRH:0
end_of_record
